<?xml version="1.0" encoding="UTF-8"?>
<testng-results ignored="0" total="1" passed="1" failed="0" skipped="0">
  <reporter-output>
    <line>
      <![CDATA[Reading data from peroperty file]]>
    </line>
    <line>
      <![CDATA[data is https://www.fitpeo.com/]]>
    </line>
    <line>
      <![CDATA[Open the web application]]>
    </line>
    <line>
      <![CDATA[Validate user is on the homepage checking text - home]]>
    </line>
    <line>
      <![CDATA[user click on the Revenue Calculator]]>
    </line>
    <line>
      <![CDATA[user move upto slider]]>
    </line>
    <line>
      <![CDATA[check slider value is set to be 823]]>
    </line>
    <line>
      <![CDATA[check after setting slider value to 560 then slider move accordingly]]>
    </line>
  </reporter-output>
  <suite started-at="2024-08-03T17:42:18 IST" name="Default suite" finished-at="2024-08-03T17:42:50 IST" duration-ms="31979">
    <groups>
    </groups>
    <test started-at="2024-08-03T17:42:18 IST" name="Default test" finished-at="2024-08-03T17:42:50 IST" duration-ms="31979">
      <class name="com.fitpeo.testCases.NewTest">
        <test-method is-config="true" signature="beforeMethod()[pri:0, instance:com.fitpeo.testCases.NewTest@44ebcd03]" started-at="2024-08-03T17:42:18 IST" name="beforeMethod" finished-at="2024-08-03T17:42:27 IST" duration-ms="9067" status="PASS">
          <reporter-output>
            <line>
              <![CDATA[Reading data from peroperty file]]>
            </line>
            <line>
              <![CDATA[data is https://www.fitpeo.com/]]>
            </line>
            <line>
              <![CDATA[Open the web application]]>
            </line>
          </reporter-output>
        </test-method> <!-- beforeMethod -->
        <test-method signature="f()[pri:0, instance:com.fitpeo.testCases.NewTest@44ebcd03]" started-at="2024-08-03T17:42:27 IST" name="f" finished-at="2024-08-03T17:42:42 IST" duration-ms="14821" status="PASS">
          <reporter-output>
            <line>
              <![CDATA[Validate user is on the homepage checking text - home]]>
            </line>
            <line>
              <![CDATA[user click on the Revenue Calculator]]>
            </line>
            <line>
              <![CDATA[user move upto slider]]>
            </line>
            <line>
              <![CDATA[check slider value is set to be 823]]>
            </line>
            <line>
              <![CDATA[check after setting slider value to 560 then slider move accordingly]]>
            </line>
          </reporter-output>
        </test-method> <!-- f -->
        <test-method is-config="true" signature="tearDown()[pri:0, instance:com.fitpeo.testCases.NewTest@44ebcd03]" started-at="2024-08-03T17:42:42 IST" name="tearDown" finished-at="2024-08-03T17:42:50 IST" duration-ms="8005" status="PASS">
          <reporter-output>
          </reporter-output>
        </test-method> <!-- tearDown -->
        <test-method is-config="true" signature="tearDown(org.testng.ITestResult)[pri:0, instance:com.fitpeo.testCases.NewTest@44ebcd03]" started-at="2024-08-03T17:42:50 IST" name="tearDown" finished-at="2024-08-03T17:42:50 IST" duration-ms="2" status="PASS">
          <params>
            <param index="0">
              <value>
                <![CDATA[[TestResult name=f status=SUCCESS method=NewTest.f()[pri:0, instance:com.fitpeo.testCases.NewTest@44ebcd03] output=Validate user is on the homepage checking text - home]]]>
              </value>
            </param>
          </params>
          <reporter-output>
          </reporter-output>
        </test-method> <!-- tearDown -->
      </class> <!-- com.fitpeo.testCases.NewTest -->
    </test> <!-- Default test -->
  </suite> <!-- Default suite -->
</testng-results>
